\BOOKMARK [1][-]{section.1}{\376\377\000I\000n\000t\000r\000o\000d\000u\000c\000t\000i\000o\000n\000\040\000a\000n\000d\000\040\000S\000y\000s\000t\000e\000m\000\040\000O\000v\000e\000r\000v\000i\000e\000w}{}% 1
\BOOKMARK [2][-]{subsection.1.1}{\376\377\000C\000o\000n\000t\000r\000o\000l\000\040\000O\000b\000j\000e\000c\000t\000i\000v\000e}{section.1}% 2
\BOOKMARK [1][-]{section.2}{\376\377\000H\000a\000r\000d\000w\000a\000r\000e\000\040\000A\000r\000c\000h\000i\000t\000e\000c\000t\000u\000r\000e}{}% 3
\BOOKMARK [2][-]{subsection.2.1}{\376\377\000S\000y\000s\000t\000e\000m\000\040\000B\000l\000o\000c\000k\000\040\000D\000i\000a\000g\000r\000a\000m}{section.2}% 4
\BOOKMARK [2][-]{subsection.2.2}{\376\377\000V\000L\0006\0001\0008\0000\000X\000\040\000T\000i\000m\000e\000-\000o\000f\000-\000F\000l\000i\000g\000h\000t\000\040\000\050\000T\000O\000F\000\051\000\040\000S\000e\000n\000s\000o\000r}{section.2}% 5
\BOOKMARK [3][-]{subsubsection.2.2.1}{\376\377\000T\000O\000F\000\040\000C\000a\000l\000i\000b\000r\000a\000t\000i\000o\000n}{subsection.2.2}% 6
\BOOKMARK [2][-]{subsection.2.3}{\376\377\000M\000C\000P\0003\0000\0000\0008\000\040\000A\000D\000C\000\040\000P\000r\000e\000s\000s\000u\000r\000e\000\040\000S\000e\000n\000s\000o\000r}{section.2}% 7
\BOOKMARK [2][-]{subsection.2.4}{\376\377\000S\000i\000g\000n\000a\000l\000\040\000C\000o\000n\000d\000i\000t\000i\000o\000n\000i\000n\000g\000\040\040\024\000\040\000F\000I\000R\000\040\000L\000o\000w\000-\000P\000a\000s\000s\000\040\000F\000i\000l\000t\000e\000r}{section.2}% 8
\BOOKMARK [1][-]{section.3}{\376\377\000S\000t\000a\000g\000e\000\040\0001\000\040\040\024\000\040\000D\000T\000S\000I\000N\000D\000Y\000c\000\040\000M\000o\000d\000e\000l\000\040\000T\000r\000a\000i\000n\000i\000n\000g}{}% 9
\BOOKMARK [2][-]{subsection.3.1}{\376\377\000M\000a\000t\000h\000e\000m\000a\000t\000i\000c\000a\000l\000\040\000F\000o\000r\000m\000u\000l\000a\000t\000i\000o\000n}{section.3}% 10
\BOOKMARK [3][-]{subsubsection.3.1.1}{\376\377\000S\000t\000a\000t\000e\000\040\000a\000n\000d\000\040\000C\000o\000n\000t\000r\000o\000l\000\040\000V\000e\000c\000t\000o\000r\000s}{subsection.3.1}% 11
\BOOKMARK [3][-]{subsubsection.3.1.2}{\376\377\000P\000o\000l\000y\000n\000o\000m\000i\000a\000l\000\040\000L\000i\000b\000r\000a\000r\000y\000\040\000C\000o\000n\000s\000t\000r\000u\000c\000t\000i\000o\000n}{subsection.3.1}% 12
\BOOKMARK [3][-]{subsubsection.3.1.3}{\376\377\000S\000p\000a\000r\000s\000e\000\040\000R\000e\000g\000r\000e\000s\000s\000i\000o\000n\000\040\000\050\000S\000T\000L\000S\000Q\000\051}{subsection.3.1}% 13
\BOOKMARK [3][-]{subsubsection.3.1.4}{\376\377\000P\000y\000S\000I\000N\000D\000y\000\040\000M\000o\000d\000e\000l\000\040\000F\000i\000t\000t\000i\000n\000g}{subsection.3.1}% 14
\BOOKMARK [1][-]{section.4}{\376\377\000S\000t\000a\000g\000e\000\040\0002\000\040\040\024\000\040\000R\000e\000f\000e\000r\000e\000n\000c\000e\000\040\000T\000r\000a\000j\000e\000c\000t\000o\000r\000y\000\040\000G\000e\000n\000e\000r\000a\000t\000i\000o\000n}{}% 15
\BOOKMARK [2][-]{subsection.4.1}{\376\377\000M\000a\000t\000h\000e\000m\000a\000t\000i\000c\000a\000l\000\040\000D\000e\000f\000i\000n\000i\000t\000i\000o\000n}{section.4}% 16
\BOOKMARK [2][-]{subsection.4.2}{\376\377\000P\000h\000a\000s\000e\000-\000S\000h\000i\000f\000t\000e\000d\000\040\000T\000h\000r\000e\000e\000-\000C\000h\000a\000n\000n\000e\000l\000\040\000W\000a\000v\000e}{section.4}% 17
\BOOKMARK [1][-]{section.5}{\376\377\000S\000t\000a\000g\000e\000\040\0003\000\040\040\024\000\040\000M\000o\000d\000e\000l\000\040\000P\000r\000e\000d\000i\000c\000t\000i\000v\000e\000\040\000C\000o\000n\000t\000r\000o\000l\000\040\000\050\000M\000P\000C\000\051}{}% 18
\BOOKMARK [2][-]{subsection.5.1}{\376\377\000M\000P\000C\000\040\000C\000o\000s\000t\000\040\000F\000u\000n\000c\000t\000i\000o\000n}{section.5}% 19
\BOOKMARK [2][-]{subsection.5.2}{\376\377\000W\000e\000i\000g\000h\000t\000\040\000M\000a\000t\000r\000i\000c\000e\000s\000\040\000a\000n\000d\000\040\000P\000a\000r\000a\000m\000e\000t\000e\000r\000s}{section.5}% 20
\BOOKMARK [2][-]{subsection.5.3}{\376\377\000S\000t\000a\000t\000e\000-\000D\000e\000p\000e\000n\000d\000e\000n\000t\000\040\000C\000o\000n\000t\000r\000o\000l\000\040\000C\000o\000n\000s\000t\000r\000a\000i\000n\000t\000s}{section.5}% 21
\BOOKMARK [2][-]{subsection.5.4}{\376\377\000M\000P\000C\000\040\000B\000l\000o\000c\000k\000\040\000D\000i\000a\000g\000r\000a\000m}{section.5}% 22
\BOOKMARK [1][-]{section.6}{\376\377\000S\000t\000a\000g\000e\000\040\0004\000\040\040\024\000\040\000R\000e\000a\000l\000-\000T\000i\000m\000e\000\040\000M\000P\000C\000\040\000o\000n\000\040\000H\000a\000r\000d\000w\000a\000r\000e}{}% 23
\BOOKMARK [2][-]{subsection.6.1}{\376\377\000C\000o\000n\000t\000r\000o\000l\000\040\000L\000o\000o\000p\000\040\000A\000r\000c\000h\000i\000t\000e\000c\000t\000u\000r\000e}{section.6}% 24
\BOOKMARK [2][-]{subsection.6.2}{\376\377\0003\000-\000S\000t\000a\000t\000e\000\040\000t\000o\000\040\0001\0002\000-\000L\000a\000y\000e\000r\000\040\000M\000a\000p\000p\000i\000n\000g}{section.6}% 25
\BOOKMARK [1][-]{section.7}{\376\377\000S\000t\000a\000g\000e\000\040\0005\000\040\040\024\000\040\000S\000e\000n\000s\000o\000r\000\040\000C\000a\000l\000i\000b\000r\000a\000t\000i\000o\000n}{}% 26
\BOOKMARK [2][-]{subsection.7.1}{\376\377\000T\000O\000F\000\040\000C\000a\000l\000i\000b\000r\000a\000t\000i\000o\000n\000\040\000P\000r\000o\000c\000e\000d\000u\000r\000e}{section.7}% 27
\BOOKMARK [2][-]{subsection.7.2}{\376\377\000A\000D\000C\000\040\000C\000a\000l\000i\000b\000r\000a\000t\000i\000o\000n\000\040\000\050\000F\000u\000l\000l\000-\000S\000c\000a\000l\000e\000\040\000P\000r\000e\000s\000s\000u\000r\000e\000\051}{section.7}% 28
\BOOKMARK [1][-]{section.8}{\376\377\000D\000a\000t\000a\000\040\000F\000l\000o\000w\000\040\000a\000n\000d\000\040\000D\000i\000r\000e\000c\000t\000o\000r\000y\000\040\000M\000a\000p}{}% 29
\BOOKMARK [1][-]{section.9}{\376\377\000K\000e\000y\000\040\000E\000q\000u\000a\000t\000i\000o\000n\000s\000\040\000S\000u\000m\000m\000a\000r\000y}{}% 30
\BOOKMARK [1][-]{section.10}{\376\377\000I\000n\000s\000t\000a\000l\000l\000a\000t\000i\000o\000n\000\040\000a\000n\000d\000\040\000G\000e\000t\000t\000i\000n\000g\000\040\000S\000t\000a\000r\000t\000e\000d}{}% 31
\BOOKMARK [2][-]{subsection.10.1}{\376\377\000E\000n\000v\000i\000r\000o\000n\000m\000e\000n\000t\000\040\000S\000e\000t\000u\000p}{section.10}% 32
\BOOKMARK [2][-]{subsection.10.2}{\376\377\000R\000a\000s\000p\000b\000e\000r\000r\000y\000\040\000P\000i\000\040\000A\000d\000d\000i\000t\000i\000o\000n\000a\000l\000\040\000D\000e\000p\000e\000n\000d\000e\000n\000c\000i\000e\000s}{section.10}% 33
\BOOKMARK [2][-]{subsection.10.3}{\376\377\000R\000u\000n\000n\000i\000n\000g\000\040\000t\000h\000e\000\040\000P\000i\000p\000e\000l\000i\000n\000e}{section.10}% 34
\BOOKMARK [2][-]{subsection.10.4}{\376\377\000R\000e\000p\000o\000s\000i\000t\000o\000r\000y\000\040\000F\000i\000l\000e\000\040\000O\000r\000g\000a\000n\000i\000z\000a\000t\000i\000o\000n}{section.10}% 35
\BOOKMARK [1][-]{section.11}{\376\377\000A\000p\000p\000e\000n\000d\000i\000x\000:\000\040\000C\000o\000m\000p\000l\000e\000t\000e\000\040\000P\000a\000r\000a\000m\000e\000t\000e\000r\000\040\000R\000e\000f\000e\000r\000e\000n\000c\000e}{}% 36
